d:\mon hoc\hk4\mmh\th\lab3\rsa_msvc\rsa_msvc\x64\debug\vc143.pdb
d:\mon hoc\hk4\mmh\th\lab3\rsa_msvc\rsa_msvc\x64\debug\vc143.idb
d:\mon hoc\hk4\mmh\th\lab3\rsa_msvc\rsa_msvc\x64\debug\rsa_msvc.obj
d:\mon hoc\hk4\mmh\th\lab3\rsa_msvc\x64\debug\rsa_msvc.exe
d:\mon hoc\hk4\mmh\th\lab3\rsa_msvc\x64\debug\rsa_msvc.pdb
d:\mon hoc\hk4\mmh\th\lab3\rsa_msvc\x64\debug\rsa_msvc.lib
d:\mon hoc\hk4\mmh\th\lab3\rsa_msvc\x64\debug\rsa_msvc.exp
d:\mon hoc\hk4\mmh\th\lab3\rsa_msvc\rsa_msvc\x64\debug\rsa_msvc.ilk
d:\mon hoc\hk4\mmh\cryptography\lab\lab 3\rsa_msvc\rsa_msvc\x64\debug\rsa_msvc.obj
d:\mon hoc\hk4\mmh\cryptography\lab\lab 3\rsa_msvc\rsa_msvc\x64\debug\rsa_msvc.ilk
d:\mon hoc\hk4\mmh\cryptography\lab\lab 3\rsa_msvc\rsa_msvc\x64\debug\vc143.idb
d:\mon hoc\hk4\mmh\cryptography\lab\lab 3\rsa_msvc\rsa_msvc\x64\debug\vc143.pdb
d:\mon hoc\hk4\mmh\cryptography\lab\lab 3\rsa_msvc\x64\debug\rsa_msvc.pdb
d:\mon hoc\hk4\mmh\cryptography\lab\lab 3\rsa_msvc\x64\debug\rsa_msvc.exe
d:\mon hoc\hk4\mmh\cryptography\lab\lab 3\rsa_msvc\rsa_msvc\x64\debug\rsa_msvc.tlog\cl.command.1.tlog
d:\mon hoc\hk4\mmh\cryptography\lab\lab 3\rsa_msvc\rsa_msvc\x64\debug\rsa_msvc.tlog\cl.items.tlog
d:\mon hoc\hk4\mmh\cryptography\lab\lab 3\rsa_msvc\rsa_msvc\x64\debug\rsa_msvc.tlog\cl.read.1.tlog
d:\mon hoc\hk4\mmh\cryptography\lab\lab 3\rsa_msvc\rsa_msvc\x64\debug\rsa_msvc.tlog\cl.write.1.tlog
d:\mon hoc\hk4\mmh\cryptography\lab\lab 3\rsa_msvc\rsa_msvc\x64\debug\rsa_msvc.tlog\link.command.1.tlog
d:\mon hoc\hk4\mmh\cryptography\lab\lab 3\rsa_msvc\rsa_msvc\x64\debug\rsa_msvc.tlog\link.read.1.tlog
d:\mon hoc\hk4\mmh\cryptography\lab\lab 3\rsa_msvc\rsa_msvc\x64\debug\rsa_msvc.tlog\link.secondary.1.tlog
d:\mon hoc\hk4\mmh\cryptography\lab\lab 3\rsa_msvc\rsa_msvc\x64\debug\rsa_msvc.tlog\link.write.1.tlog
